2020-12-04 14:17:00.040 [main] INFO  discord4j.core.DiscordClientBuilder      : Discord4J 3.2.0-M1 (https://discord4j.com)
2020-12-04 14:17:00.145 [main] DEBUG discord4j.rest.request.RequestStream     : [B:a39dc574, R:29caf222] GET /gateway/bot
2020-12-04 14:17:01.291 [reactor-http-nio-2] DEBUG discord4j.rest.request.RequestStream     : [B:a39dc574, R:29caf222] Read 200 OK in PT1.09176S
2020-12-04 14:17:01.293 [reactor-http-nio-2] DEBUG discord4j.rest.request.RequestStream     : [B:a39dc574] Ready to consume next request after cancel
2020-12-04 14:17:01.418 [boundedElastic-1] DEBUG discord4j.core.state.StateHolder         : Channel storage     : ForwardingStore{forwardingTo=JdkStore@15a7476f{map=java.util.concurrent.ConcurrentHashMap}}
2020-12-04 14:17:01.419 [boundedElastic-1] DEBUG discord4j.core.state.StateHolder         : Guild storage       : ForwardingStore{forwardingTo=JdkStore@47e3a0a3{map=java.util.concurrent.ConcurrentHashMap}}
2020-12-04 14:17:01.420 [boundedElastic-1] DEBUG discord4j.core.state.StateHolder         : Guild emoji storage : ForwardingStore{forwardingTo=JdkStore@2b07fc1{map=java.util.concurrent.ConcurrentHashMap}}
2020-12-04 14:17:01.421 [boundedElastic-1] DEBUG discord4j.core.state.StateHolder         : Member storage      : JdkStore@649ef61a{map=java.util.concurrent.ConcurrentHashMap}
2020-12-04 14:17:01.421 [boundedElastic-1] DEBUG discord4j.core.state.StateHolder         : Message storage     : ForwardingStore{forwardingTo=JdkStore@282b397d{map=java.util.Collections.SynchronizedMap}}
2020-12-04 14:17:01.424 [boundedElastic-1] DEBUG discord4j.core.state.StateHolder         : Presence storage    : Disabled due to missing GUILD_PRESENCES intent
2020-12-04 14:17:01.425 [boundedElastic-1] DEBUG discord4j.core.state.StateHolder         : Role storage        : ForwardingStore{forwardingTo=JdkStore@5c33804b{map=java.util.concurrent.ConcurrentHashMap}}
2020-12-04 14:17:01.425 [boundedElastic-1] DEBUG discord4j.core.state.StateHolder         : User storage        : ForwardingStore{forwardingTo=JdkStore@4c1402ff{map=java.util.concurrent.ConcurrentHashMap}}
2020-12-04 14:17:01.426 [boundedElastic-1] DEBUG discord4j.core.state.StateHolder         : Voice state storage : JdkStore@708d8d54{map=java.util.concurrent.ConcurrentHashMap}
2020-12-04 14:17:01.508 [boundedElastic-1] DEBUG discord4j.core.shard.GatewayBootstrap    : [G:4c74ebab, S:0] Acquiring gateway endpoint
2020-12-04 14:17:01.508 [boundedElastic-1] DEBUG discord4j.rest.request.RequestStream     : [B:db1ee72c, R:4d0777e] GET /gateway
2020-12-04 14:17:01.633 [reactor-http-nio-3] DEBUG discord4j.rest.request.RequestStream     : [B:db1ee72c, R:4d0777e, G:4c74ebab, S:0] Read 200 OK in PT0.124647S
2020-12-04 14:17:01.634 [reactor-http-nio-3] DEBUG discord4j.rest.request.RequestStream     : [B:db1ee72c] Ready to consume next request after cancel
2020-12-04 14:17:01.772 [reactor-http-nio-4] DEBUG discord4j.gateway.DefaultGatewayClient   : [G:4c74ebab, S:0] [connected] PooledConnection{channel=[id: 0x41c986f9, L:/192.168.0.193:62226 - R:gateway.discord.gg/162.159.130.234:443]}
2020-12-04 14:17:01.779 [reactor-http-nio-4] DEBUG discord4j.gateway.DefaultGatewayClient   : [G:4c74ebab, S:0] [configured] GET{uri=/, connection=PooledConnection{channel=[id: 0x41c986f9, L:/192.168.0.193:62226 - R:gateway.discord.gg/162.159.130.234:443]}}
2020-12-04 14:17:01.780 [reactor-http-nio-4] DEBUG discord4j.gateway.DefaultGatewayClient   : [G:4c74ebab, S:0] [request_prepared] GET{uri=/?compress=zlib-stream&encoding=json&v=8, connection=PooledConnection{channel=[id: 0x41c986f9, L:/192.168.0.193:62226 - R:gateway.discord.gg/162.159.130.234:443]}}
2020-12-04 14:17:01.961 [reactor-http-nio-4] DEBUG discord4j.gateway.DefaultGatewayClient   : [G:4c74ebab, S:0] [response_received] ws{uri=/?compress=zlib-stream&encoding=json&v=8, connection=PooledConnection{channel=[id: 0x41c986f9, L:/192.168.0.193:62226 - R:gateway.discord.gg/162.159.130.234:443]}}
2020-12-04 14:17:02.003 [d4j-parallel-1-3] DEBUG discord4j.gateway.DefaultGatewayClient   : [G:4c74ebab, S:0] Sending heartbeat PT0S after last ACK
2020-12-04 14:17:02.007 [reactor-http-nio-4] DEBUG discord4j.gateway.PayloadHandlers        : [G:4c74ebab, S:0] Identifying to Gateway
2020-12-04 14:17:02.163 [reactor-http-nio-4] DEBUG discord4j.gateway.PayloadHandlers        : [G:4c74ebab, S:0] Heartbeat acknowledged after PT0.1601621S
2020-12-04 14:17:02.430 [reactor-http-nio-4] INFO  discord4j.gateway.DefaultGatewayClient   : [G:4c74ebab, S:0] Connected to Gateway
2020-12-04 14:17:02.432 [reactor-http-nio-4] INFO  d.core.shard.LocalShardCoordinator       : [G:4c74ebab, S:0] Shard connected
2020-12-04 14:17:02.435 [main] DEBUG d.core.event.ReplayingEventDispatcher    : Subscription 4e7095ac to MessageCreateEvent created
2020-12-04 14:17:43.265 [d4j-parallel-1-3] DEBUG discord4j.gateway.DefaultGatewayClient   : [G:4c74ebab, S:0] Sending heartbeat PT41.1016793S after last ACK
2020-12-04 14:17:43.391 [reactor-http-nio-4] DEBUG discord4j.gateway.PayloadHandlers        : [G:4c74ebab, S:0] Heartbeat acknowledged after PT0.1258272S
2020-12-04 14:18:24.504 [d4j-parallel-1-3] DEBUG discord4j.gateway.DefaultGatewayClient   : [G:4c74ebab, S:0] Sending heartbeat PT41.1129094S after last ACK
2020-12-04 14:18:24.642 [reactor-http-nio-4] DEBUG discord4j.gateway.PayloadHandlers        : [G:4c74ebab, S:0] Heartbeat acknowledged after PT0.138266S
2020-12-04 14:18:25.477 [d4j-events-1] DEBUG discord4j.rest.request.RequestStream     : [B:36840e52, R:4a047381] POST /channels/773900436708130819/messages
2020-12-04 14:18:25.767 [reactor-http-nio-5] DEBUG discord4j.rest.request.RequestStream     : [B:36840e52, R:4a047381] Read 200 OK in PT0.2893083S
2020-12-04 14:18:25.767 [reactor-http-nio-5] DEBUG discord4j.rest.request.RequestStream     : [B:36840e52] Ready to consume next request after cancel
2020-12-04 14:18:25.769 [d4j-events-1] DEBUG discord4j.rest.request.RequestStream     : [B:36840e52, R:712b8bcc] POST /channels/773900436708130819/messages
2020-12-04 14:18:26.080 [reactor-http-nio-6] DEBUG discord4j.rest.request.RequestStream     : [B:36840e52, R:712b8bcc] Read 200 OK in PT0.3102058S
2020-12-04 14:18:26.080 [reactor-http-nio-6] DEBUG discord4j.rest.request.RequestStream     : [B:36840e52] Ready to consume next request after cancel
2020-12-04 14:18:26.083 [d4j-events-1] DEBUG discord4j.rest.request.RequestStream     : [B:36840e52, R:4f6048bf] POST /channels/773900436708130819/messages
2020-12-04 14:18:26.341 [reactor-http-nio-7] DEBUG discord4j.rest.request.RequestStream     : [B:36840e52, R:4f6048bf] Read 200 OK in PT0.2571201S
2020-12-04 14:18:26.341 [reactor-http-nio-7] DEBUG discord4j.rest.request.RequestStream     : [B:36840e52] Ready to consume next request after cancel
2020-12-04 14:18:34.841 [d4j-events-1] DEBUG discord4j.rest.request.RequestStream     : [B:36840e52, R:486f1846] POST /channels/773900436708130819/messages
2020-12-04 14:18:35.133 [reactor-http-nio-8] DEBUG discord4j.rest.request.RequestStream     : [B:36840e52, R:486f1846] Read 200 OK in PT0.29002S
2020-12-04 14:18:35.133 [reactor-http-nio-8] DEBUG discord4j.rest.request.RequestStream     : [B:36840e52] Ready to consume next request after cancel
2020-12-04 14:18:56.528 [d4j-events-1] DEBUG discord4j.rest.request.RequestStream     : [B:36840e52, R:211ee2b1] POST /channels/773900436708130819/messages
2020-12-04 14:18:56.833 [reactor-http-nio-9] DEBUG discord4j.rest.request.RequestStream     : [B:36840e52, R:211ee2b1] Read 200 OK in PT0.3045944S
2020-12-04 14:18:56.834 [reactor-http-nio-9] DEBUG discord4j.rest.request.RequestStream     : [B:36840e52] Ready to consume next request after cancel
2020-12-04 14:19:05.755 [d4j-parallel-1-3] DEBUG discord4j.gateway.DefaultGatewayClient   : [G:4c74ebab, S:0] Sending heartbeat PT41.1126264S after last ACK
2020-12-04 14:19:05.875 [reactor-http-nio-4] DEBUG discord4j.gateway.PayloadHandlers        : [G:4c74ebab, S:0] Heartbeat acknowledged after PT0.1203261S
2020-12-04 14:19:06.354 [d4j-events-1] DEBUG discord4j.rest.request.RequestStream     : [B:36840e52, R:c4678b5] POST /channels/773900436708130819/messages
2020-12-04 14:19:06.616 [reactor-http-nio-10] DEBUG discord4j.rest.request.RequestStream     : [B:36840e52, R:c4678b5] Read 200 OK in PT0.2614162S
2020-12-04 14:19:06.616 [reactor-http-nio-10] DEBUG discord4j.rest.request.RequestStream     : [B:36840e52] Ready to consume next request after cancel
2020-12-04 14:19:20.269 [d4j-events-1] DEBUG discord4j.rest.request.RequestStream     : [B:36840e52, R:412eec32] POST /channels/773900436708130819/messages
2020-12-04 14:19:20.555 [reactor-http-nio-11] DEBUG discord4j.rest.request.RequestStream     : [B:36840e52, R:412eec32] Read 200 OK in PT0.2848406S
2020-12-04 14:19:20.555 [reactor-http-nio-11] DEBUG discord4j.rest.request.RequestStream     : [B:36840e52] Ready to consume next request after cancel
2020-12-04 14:19:47.004 [d4j-parallel-1-3] DEBUG discord4j.gateway.DefaultGatewayClient   : [G:4c74ebab, S:0] Sending heartbeat PT41.1286867S after last ACK
2020-12-04 14:19:47.126 [reactor-http-nio-4] DEBUG discord4j.gateway.PayloadHandlers        : [G:4c74ebab, S:0] Heartbeat acknowledged after PT0.1218749S
2020-12-04 14:19:57.260 [d4j-events-1] DEBUG discord4j.rest.request.RequestStream     : [B:36840e52, R:71336179] POST /channels/773900436708130819/messages
2020-12-04 14:19:57.558 [reactor-http-nio-12] DEBUG discord4j.rest.request.RequestStream     : [B:36840e52, R:71336179] Read 200 OK in PT0.2984847S
2020-12-04 14:19:57.558 [reactor-http-nio-12] DEBUG discord4j.rest.request.RequestStream     : [B:36840e52] Ready to consume next request after cancel
2020-12-04 14:19:57.562 [d4j-events-1] DEBUG discord4j.rest.request.RequestStream     : [B:c49b6e24, R:53fbcd9] POST /users/@me/channels
2020-12-04 14:19:57.791 [reactor-http-nio-1] DEBUG discord4j.rest.request.RequestStream     : [B:c49b6e24, R:53fbcd9] Read 200 OK in PT0.2284066S
2020-12-04 14:19:57.792 [reactor-http-nio-1] DEBUG discord4j.rest.request.RequestStream     : [B:c49b6e24] Ready to consume next request after cancel
2020-12-04 14:19:57.794 [d4j-events-1] DEBUG discord4j.rest.request.RequestStream     : [B:6139e6df, R:2734a57e] POST /channels/782627022635139134/messages
2020-12-04 14:19:58.078 [reactor-http-nio-2] DEBUG discord4j.rest.request.RequestStream     : [B:6139e6df, R:2734a57e] Read 200 OK in PT0.2843115S
2020-12-04 14:19:58.078 [reactor-http-nio-2] DEBUG discord4j.rest.request.RequestStream     : [B:6139e6df] Ready to consume next request after cancel
2020-12-04 14:20:28.254 [d4j-parallel-1-3] DEBUG discord4j.gateway.DefaultGatewayClient   : [G:4c74ebab, S:0] Sending heartbeat PT41.1280668S after last ACK
2020-12-04 14:20:28.378 [reactor-http-nio-4] DEBUG discord4j.gateway.PayloadHandlers        : [G:4c74ebab, S:0] Heartbeat acknowledged after PT0.1249985S
2020-12-04 14:21:09.505 [d4j-parallel-1-3] DEBUG discord4j.gateway.DefaultGatewayClient   : [G:4c74ebab, S:0] Sending heartbeat PT41.1261037S after last ACK
2020-12-04 14:21:09.628 [reactor-http-nio-4] DEBUG discord4j.gateway.PayloadHandlers        : [G:4c74ebab, S:0] Heartbeat acknowledged after PT0.1231031S
2020-12-04 14:21:50.754 [d4j-parallel-1-3] DEBUG discord4j.gateway.DefaultGatewayClient   : [G:4c74ebab, S:0] Sending heartbeat PT41.1263776S after last ACK
2020-12-04 14:21:50.990 [reactor-http-nio-4] DEBUG discord4j.gateway.PayloadHandlers        : [G:4c74ebab, S:0] Heartbeat acknowledged after PT0.2365544S
2020-12-04 14:22:32.004 [d4j-parallel-1-3] DEBUG discord4j.gateway.DefaultGatewayClient   : [G:4c74ebab, S:0] Sending heartbeat PT41.0135388S after last ACK
2020-12-04 14:22:32.139 [reactor-http-nio-4] DEBUG discord4j.gateway.PayloadHandlers        : [G:4c74ebab, S:0] Heartbeat acknowledged after PT0.135765S
2020-12-04 14:23:13.254 [d4j-parallel-1-3] DEBUG discord4j.gateway.DefaultGatewayClient   : [G:4c74ebab, S:0] Sending heartbeat PT41.1133804S after last ACK
2020-12-04 14:23:13.379 [reactor-http-nio-4] DEBUG discord4j.gateway.PayloadHandlers        : [G:4c74ebab, S:0] Heartbeat acknowledged after PT0.1248159S
2020-12-04 14:23:54.504 [d4j-parallel-1-3] DEBUG discord4j.gateway.DefaultGatewayClient   : [G:4c74ebab, S:0] Sending heartbeat PT41.1253818S after last ACK
2020-12-04 14:23:54.626 [reactor-http-nio-4] DEBUG discord4j.gateway.PayloadHandlers        : [G:4c74ebab, S:0] Heartbeat acknowledged after PT0.1224905S
2020-12-04 14:24:35.754 [d4j-parallel-1-3] DEBUG discord4j.gateway.DefaultGatewayClient   : [G:4c74ebab, S:0] Sending heartbeat PT41.1279892S after last ACK
2020-12-04 14:24:35.886 [reactor-http-nio-4] DEBUG discord4j.gateway.PayloadHandlers        : [G:4c74ebab, S:0] Heartbeat acknowledged after PT0.1326412S
2020-12-04 14:25:17.003 [d4j-parallel-1-3] DEBUG discord4j.gateway.DefaultGatewayClient   : [G:4c74ebab, S:0] Sending heartbeat PT41.1161684S after last ACK
2020-12-04 14:25:17.128 [reactor-http-nio-4] DEBUG discord4j.gateway.PayloadHandlers        : [G:4c74ebab, S:0] Heartbeat acknowledged after PT0.1259074S
2020-12-04 14:25:58.255 [d4j-parallel-1-3] DEBUG discord4j.gateway.DefaultGatewayClient   : [G:4c74ebab, S:0] Sending heartbeat PT41.1255124S after last ACK
2020-12-04 14:25:58.396 [reactor-http-nio-4] DEBUG discord4j.gateway.PayloadHandlers        : [G:4c74ebab, S:0] Heartbeat acknowledged after PT0.1417005S
2020-12-04 14:26:39.504 [d4j-parallel-1-3] DEBUG discord4j.gateway.DefaultGatewayClient   : [G:4c74ebab, S:0] Sending heartbeat PT41.1081304S after last ACK
2020-12-04 14:26:39.670 [reactor-http-nio-4] DEBUG discord4j.gateway.PayloadHandlers        : [G:4c74ebab, S:0] Heartbeat acknowledged after PT0.1660658S
2020-12-04 14:27:20.768 [d4j-parallel-1-3] DEBUG discord4j.gateway.DefaultGatewayClient   : [G:4c74ebab, S:0] Sending heartbeat PT41.0976192S after last ACK
2020-12-04 14:27:20.895 [reactor-http-nio-4] DEBUG discord4j.gateway.PayloadHandlers        : [G:4c74ebab, S:0] Heartbeat acknowledged after PT0.1269939S
2020-12-04 14:28:02.004 [d4j-parallel-1-3] DEBUG discord4j.gateway.DefaultGatewayClient   : [G:4c74ebab, S:0] Sending heartbeat PT41.109243S after last ACK
2020-12-04 14:28:02.163 [reactor-http-nio-4] DEBUG discord4j.gateway.PayloadHandlers        : [G:4c74ebab, S:0] Heartbeat acknowledged after PT0.1594493S
2020-12-04 14:28:43.254 [d4j-parallel-1-3] DEBUG discord4j.gateway.DefaultGatewayClient   : [G:4c74ebab, S:0] Sending heartbeat PT41.089881S after last ACK
2020-12-04 14:28:43.382 [reactor-http-nio-4] DEBUG discord4j.gateway.PayloadHandlers        : [G:4c74ebab, S:0] Heartbeat acknowledged after PT0.1284527S
2020-12-04 14:29:24.505 [d4j-parallel-1-3] DEBUG discord4j.gateway.DefaultGatewayClient   : [G:4c74ebab, S:0] Sending heartbeat PT41.1227452S after last ACK
2020-12-04 14:29:24.636 [reactor-http-nio-4] DEBUG discord4j.gateway.PayloadHandlers        : [G:4c74ebab, S:0] Heartbeat acknowledged after PT0.1314886S
2020-12-04 14:30:05.754 [d4j-parallel-1-3] DEBUG discord4j.gateway.DefaultGatewayClient   : [G:4c74ebab, S:0] Sending heartbeat PT41.1173872S after last ACK
2020-12-04 14:30:05.881 [reactor-http-nio-4] DEBUG discord4j.gateway.PayloadHandlers        : [G:4c74ebab, S:0] Heartbeat acknowledged after PT0.1271013S
2020-12-04 14:30:47.004 [d4j-parallel-1-3] DEBUG discord4j.gateway.DefaultGatewayClient   : [G:4c74ebab, S:0] Sending heartbeat PT41.1228968S after last ACK
2020-12-04 14:30:47.229 [reactor-http-nio-4] DEBUG discord4j.gateway.PayloadHandlers        : [G:4c74ebab, S:0] Heartbeat acknowledged after PT0.2255471S
2020-12-04 14:31:28.255 [d4j-parallel-1-3] DEBUG discord4j.gateway.DefaultGatewayClient   : [G:4c74ebab, S:0] Sending heartbeat PT41.025465S after last ACK
2020-12-04 14:31:28.380 [reactor-http-nio-4] DEBUG discord4j.gateway.PayloadHandlers        : [G:4c74ebab, S:0] Heartbeat acknowledged after PT0.1254565S
2020-12-04 14:32:09.505 [d4j-parallel-1-3] DEBUG discord4j.gateway.DefaultGatewayClient   : [G:4c74ebab, S:0] Sending heartbeat PT41.1247528S after last ACK
2020-12-04 14:32:09.628 [reactor-http-nio-4] DEBUG discord4j.gateway.PayloadHandlers        : [G:4c74ebab, S:0] Heartbeat acknowledged after PT0.123688S
2020-12-04 14:32:50.754 [d4j-parallel-1-3] DEBUG discord4j.gateway.DefaultGatewayClient   : [G:4c74ebab, S:0] Sending heartbeat PT41.1258356S after last ACK
2020-12-04 14:32:50.886 [reactor-http-nio-4] DEBUG discord4j.gateway.PayloadHandlers        : [G:4c74ebab, S:0] Heartbeat acknowledged after PT0.1318272S
2020-12-04 14:33:32.005 [d4j-parallel-1-3] DEBUG discord4j.gateway.DefaultGatewayClient   : [G:4c74ebab, S:0] Sending heartbeat PT41.1183333S after last ACK
2020-12-04 14:33:32.135 [reactor-http-nio-4] DEBUG discord4j.gateway.PayloadHandlers        : [G:4c74ebab, S:0] Heartbeat acknowledged after PT0.1301588S
2020-12-04 14:34:13.255 [d4j-parallel-1-3] DEBUG discord4j.gateway.DefaultGatewayClient   : [G:4c74ebab, S:0] Sending heartbeat PT41.1201085S after last ACK
2020-12-04 14:34:13.392 [reactor-http-nio-4] DEBUG discord4j.gateway.PayloadHandlers        : [G:4c74ebab, S:0] Heartbeat acknowledged after PT0.1375871S
2020-12-04 14:34:54.505 [d4j-parallel-1-3] DEBUG discord4j.gateway.DefaultGatewayClient   : [G:4c74ebab, S:0] Sending heartbeat PT41.1121338S after last ACK
2020-12-04 14:34:54.650 [reactor-http-nio-4] DEBUG discord4j.gateway.PayloadHandlers        : [G:4c74ebab, S:0] Heartbeat acknowledged after PT0.1451387S
2020-12-04 14:35:35.755 [d4j-parallel-1-3] DEBUG discord4j.gateway.DefaultGatewayClient   : [G:4c74ebab, S:0] Sending heartbeat PT41.1048083S after last ACK
2020-12-04 14:35:35.878 [reactor-http-nio-4] DEBUG discord4j.gateway.PayloadHandlers        : [G:4c74ebab, S:0] Heartbeat acknowledged after PT0.1240659S
2020-12-04 14:36:17.003 [d4j-parallel-1-3] DEBUG discord4j.gateway.DefaultGatewayClient   : [G:4c74ebab, S:0] Sending heartbeat PT41.1244205S after last ACK
2020-12-04 14:36:17.125 [reactor-http-nio-4] DEBUG discord4j.gateway.PayloadHandlers        : [G:4c74ebab, S:0] Heartbeat acknowledged after PT0.1221548S
2020-12-04 14:36:58.255 [d4j-parallel-1-3] DEBUG discord4j.gateway.DefaultGatewayClient   : [G:4c74ebab, S:0] Sending heartbeat PT41.1295456S after last ACK
2020-12-04 14:36:58.380 [reactor-http-nio-4] DEBUG discord4j.gateway.PayloadHandlers        : [G:4c74ebab, S:0] Heartbeat acknowledged after PT0.1249321S
2020-12-04 14:37:39.504 [d4j-parallel-1-3] DEBUG discord4j.gateway.DefaultGatewayClient   : [G:4c74ebab, S:0] Sending heartbeat PT41.1245305S after last ACK
2020-12-04 14:37:39.637 [reactor-http-nio-4] DEBUG discord4j.gateway.PayloadHandlers        : [G:4c74ebab, S:0] Heartbeat acknowledged after PT0.1330894S
2020-12-04 14:38:20.754 [d4j-parallel-1-3] DEBUG discord4j.gateway.DefaultGatewayClient   : [G:4c74ebab, S:0] Sending heartbeat PT41.1163767S after last ACK
2020-12-04 14:38:20.877 [reactor-http-nio-4] DEBUG discord4j.gateway.PayloadHandlers        : [G:4c74ebab, S:0] Heartbeat acknowledged after PT0.1228789S
2020-12-04 14:39:02.004 [d4j-parallel-1-3] DEBUG discord4j.gateway.DefaultGatewayClient   : [G:4c74ebab, S:0] Sending heartbeat PT41.127669S after last ACK
2020-12-04 14:39:02.129 [reactor-http-nio-4] DEBUG discord4j.gateway.PayloadHandlers        : [G:4c74ebab, S:0] Heartbeat acknowledged after PT0.1255376S
2020-12-04 14:39:43.253 [d4j-parallel-1-3] DEBUG discord4j.gateway.DefaultGatewayClient   : [G:4c74ebab, S:0] Sending heartbeat PT41.1236493S after last ACK
2020-12-04 14:39:43.375 [reactor-http-nio-4] DEBUG discord4j.gateway.PayloadHandlers        : [G:4c74ebab, S:0] Heartbeat acknowledged after PT0.1226043S
2020-12-04 14:40:24.505 [d4j-parallel-1-3] DEBUG discord4j.gateway.DefaultGatewayClient   : [G:4c74ebab, S:0] Sending heartbeat PT41.1288377S after last ACK
2020-12-04 14:40:24.635 [reactor-http-nio-4] DEBUG discord4j.gateway.PayloadHandlers        : [G:4c74ebab, S:0] Heartbeat acknowledged after PT0.1301891S
2020-12-04 14:41:05.754 [d4j-parallel-1-3] DEBUG discord4j.gateway.DefaultGatewayClient   : [G:4c74ebab, S:0] Sending heartbeat PT41.1189592S after last ACK
2020-12-04 14:41:05.884 [reactor-http-nio-4] DEBUG discord4j.gateway.PayloadHandlers        : [G:4c74ebab, S:0] Heartbeat acknowledged after PT0.1307584S
2020-12-04 14:41:47.004 [d4j-parallel-1-3] DEBUG discord4j.gateway.DefaultGatewayClient   : [G:4c74ebab, S:0] Sending heartbeat PT41.1198485S after last ACK
2020-12-04 14:41:47.159 [reactor-http-nio-4] DEBUG discord4j.gateway.PayloadHandlers        : [G:4c74ebab, S:0] Heartbeat acknowledged after PT0.1548049S
2020-12-04 14:42:28.253 [d4j-parallel-1-3] DEBUG discord4j.gateway.DefaultGatewayClient   : [G:4c74ebab, S:0] Sending heartbeat PT41.0941359S after last ACK
2020-12-04 14:42:28.381 [reactor-http-nio-4] DEBUG discord4j.gateway.PayloadHandlers        : [G:4c74ebab, S:0] Heartbeat acknowledged after PT0.128174S
2020-12-04 14:43:09.504 [d4j-parallel-1-3] DEBUG discord4j.gateway.DefaultGatewayClient   : [G:4c74ebab, S:0] Sending heartbeat PT41.1223725S after last ACK
2020-12-04 14:43:09.639 [reactor-http-nio-4] DEBUG discord4j.gateway.PayloadHandlers        : [G:4c74ebab, S:0] Heartbeat acknowledged after PT0.135558S
2020-12-04 14:43:50.754 [d4j-parallel-1-3] DEBUG discord4j.gateway.DefaultGatewayClient   : [G:4c74ebab, S:0] Sending heartbeat PT41.1140936S after last ACK
2020-12-04 14:43:50.877 [reactor-http-nio-4] DEBUG discord4j.gateway.PayloadHandlers        : [G:4c74ebab, S:0] Heartbeat acknowledged after PT0.1229906S
2020-12-04 14:44:32.003 [d4j-parallel-1-3] DEBUG discord4j.gateway.DefaultGatewayClient   : [G:4c74ebab, S:0] Sending heartbeat PT41.126391S after last ACK
2020-12-04 14:44:32.137 [reactor-http-nio-4] DEBUG discord4j.gateway.PayloadHandlers        : [G:4c74ebab, S:0] Heartbeat acknowledged after PT0.1342139S
2020-12-04 14:45:13.254 [d4j-parallel-1-3] DEBUG discord4j.gateway.DefaultGatewayClient   : [G:4c74ebab, S:0] Sending heartbeat PT41.1168418S after last ACK
2020-12-04 14:45:13.384 [reactor-http-nio-4] DEBUG discord4j.gateway.PayloadHandlers        : [G:4c74ebab, S:0] Heartbeat acknowledged after PT0.1307394S
2020-12-04 14:45:54.504 [d4j-parallel-1-3] DEBUG discord4j.gateway.DefaultGatewayClient   : [G:4c74ebab, S:0] Sending heartbeat PT41.1193249S after last ACK
2020-12-04 14:45:54.628 [reactor-http-nio-4] DEBUG discord4j.gateway.PayloadHandlers        : [G:4c74ebab, S:0] Heartbeat acknowledged after PT0.1240745S
2020-12-04 14:47:41.165 [main] INFO  discord4j.core.DiscordClientBuilder      : Discord4J 3.2.0-M1 (https://discord4j.com)
2020-12-04 14:47:41.271 [main] DEBUG discord4j.rest.request.RequestStream     : [B:a39dc574, R:547e29a4] GET /gateway/bot
2020-12-04 14:47:42.353 [reactor-http-nio-2] DEBUG discord4j.rest.request.RequestStream     : [B:a39dc574, R:547e29a4] Read 200 OK in PT1.0297911S
2020-12-04 14:47:42.355 [reactor-http-nio-2] DEBUG discord4j.rest.request.RequestStream     : [B:a39dc574] Ready to consume next request after cancel
2020-12-04 14:47:42.473 [boundedElastic-1] DEBUG discord4j.core.state.StateHolder         : Channel storage     : ForwardingStore{forwardingTo=JdkStore@14de6f8b{map=java.util.concurrent.ConcurrentHashMap}}
2020-12-04 14:47:42.473 [boundedElastic-1] DEBUG discord4j.core.state.StateHolder         : Guild storage       : ForwardingStore{forwardingTo=JdkStore@404fd1f8{map=java.util.concurrent.ConcurrentHashMap}}
2020-12-04 14:47:42.474 [boundedElastic-1] DEBUG discord4j.core.state.StateHolder         : Guild emoji storage : ForwardingStore{forwardingTo=JdkStore@7290d2cf{map=java.util.concurrent.ConcurrentHashMap}}
2020-12-04 14:47:42.475 [boundedElastic-1] DEBUG discord4j.core.state.StateHolder         : Member storage      : JdkStore@7460d59{map=java.util.concurrent.ConcurrentHashMap}
2020-12-04 14:47:42.475 [boundedElastic-1] DEBUG discord4j.core.state.StateHolder         : Message storage     : ForwardingStore{forwardingTo=JdkStore@3063dff4{map=java.util.Collections.SynchronizedMap}}
2020-12-04 14:47:42.478 [boundedElastic-1] DEBUG discord4j.core.state.StateHolder         : Presence storage    : Disabled due to missing GUILD_PRESENCES intent
2020-12-04 14:47:42.478 [boundedElastic-1] DEBUG discord4j.core.state.StateHolder         : Role storage        : ForwardingStore{forwardingTo=JdkStore@489c7cc5{map=java.util.concurrent.ConcurrentHashMap}}
2020-12-04 14:47:42.478 [boundedElastic-1] DEBUG discord4j.core.state.StateHolder         : User storage        : ForwardingStore{forwardingTo=JdkStore@7d1dfac6{map=java.util.concurrent.ConcurrentHashMap}}
2020-12-04 14:47:42.479 [boundedElastic-1] DEBUG discord4j.core.state.StateHolder         : Voice state storage : JdkStore@4e6c91d4{map=java.util.concurrent.ConcurrentHashMap}
2020-12-04 14:47:42.556 [boundedElastic-1] DEBUG discord4j.core.shard.GatewayBootstrap    : [G:29c6669, S:0] Acquiring gateway endpoint
2020-12-04 14:47:42.556 [boundedElastic-1] DEBUG discord4j.rest.request.RequestStream     : [B:db1ee72c, R:1cf62950] GET /gateway
2020-12-04 14:47:42.711 [reactor-http-nio-3] DEBUG discord4j.rest.request.RequestStream     : [B:db1ee72c, R:1cf62950, G:29c6669, S:0] Read 200 OK in PT0.1548699S
2020-12-04 14:47:42.711 [reactor-http-nio-3] DEBUG discord4j.rest.request.RequestStream     : [B:db1ee72c] Ready to consume next request after cancel
2020-12-04 14:47:42.833 [reactor-http-nio-4] DEBUG discord4j.gateway.DefaultGatewayClient   : [G:29c6669, S:0] [connected] PooledConnection{channel=[id: 0x9e828599, L:/192.168.0.193:63221 - R:gateway.discord.gg/162.159.133.234:443]}
2020-12-04 14:47:42.840 [reactor-http-nio-4] DEBUG discord4j.gateway.DefaultGatewayClient   : [G:29c6669, S:0] [configured] GET{uri=/, connection=PooledConnection{channel=[id: 0x9e828599, L:/192.168.0.193:63221 - R:gateway.discord.gg/162.159.133.234:443]}}
2020-12-04 14:47:42.841 [reactor-http-nio-4] DEBUG discord4j.gateway.DefaultGatewayClient   : [G:29c6669, S:0] [request_prepared] GET{uri=/?compress=zlib-stream&encoding=json&v=8, connection=PooledConnection{channel=[id: 0x9e828599, L:/192.168.0.193:63221 - R:gateway.discord.gg/162.159.133.234:443]}}
2020-12-04 14:47:43.018 [reactor-http-nio-4] DEBUG discord4j.gateway.DefaultGatewayClient   : [G:29c6669, S:0] [response_received] ws{uri=/?compress=zlib-stream&encoding=json&v=8, connection=PooledConnection{channel=[id: 0x9e828599, L:/192.168.0.193:63221 - R:gateway.discord.gg/162.159.133.234:443]}}
2020-12-04 14:47:43.056 [d4j-parallel-1-3] DEBUG discord4j.gateway.DefaultGatewayClient   : [G:29c6669, S:0] Sending heartbeat PT0S after last ACK
2020-12-04 14:47:43.059 [reactor-http-nio-4] DEBUG discord4j.gateway.PayloadHandlers        : [G:29c6669, S:0] Identifying to Gateway
2020-12-04 14:47:43.216 [reactor-http-nio-4] DEBUG discord4j.gateway.PayloadHandlers        : [G:29c6669, S:0] Heartbeat acknowledged after PT0.1599503S
2020-12-04 14:47:43.459 [reactor-http-nio-4] INFO  discord4j.gateway.DefaultGatewayClient   : [G:29c6669, S:0] Connected to Gateway
2020-12-04 14:47:43.461 [reactor-http-nio-4] INFO  d.core.shard.LocalShardCoordinator       : [G:29c6669, S:0] Shard connected
2020-12-04 14:47:43.464 [main] DEBUG d.core.event.ReplayingEventDispatcher    : Subscription 61019f59 to MessageCreateEvent created
2020-12-04 14:47:48.602 [d4j-events-1] DEBUG discord4j.rest.request.RequestStream     : [B:36840e52, R:57cd9d32] POST /channels/773900436708130819/messages
2020-12-04 14:47:48.896 [reactor-http-nio-5] DEBUG discord4j.rest.request.RequestStream     : [B:36840e52, R:57cd9d32] Read 200 OK in PT0.2925464S
2020-12-04 14:47:48.896 [reactor-http-nio-5] DEBUG discord4j.rest.request.RequestStream     : [B:36840e52] Ready to consume next request after cancel
2020-12-04 14:47:48.899 [d4j-events-1] DEBUG discord4j.rest.request.RequestStream     : [B:36840e52, R:2032d884] POST /channels/773900436708130819/messages
2020-12-04 14:47:49.225 [reactor-http-nio-6] DEBUG discord4j.rest.request.RequestStream     : [B:36840e52, R:2032d884] Read 200 OK in PT0.32544S
2020-12-04 14:47:49.225 [reactor-http-nio-6] DEBUG discord4j.rest.request.RequestStream     : [B:36840e52] Ready to consume next request after cancel
2020-12-04 14:47:49.227 [d4j-events-1] DEBUG discord4j.rest.request.RequestStream     : [B:36840e52, R:1261018] POST /channels/773900436708130819/messages
2020-12-04 14:47:49.524 [reactor-http-nio-7] DEBUG discord4j.rest.request.RequestStream     : [B:36840e52, R:1261018] Read 200 OK in PT0.2963401S
2020-12-04 14:47:49.524 [reactor-http-nio-7] DEBUG discord4j.rest.request.RequestStream     : [B:36840e52] Ready to consume next request after cancel
2020-12-04 14:47:54.623 [d4j-events-1] DEBUG discord4j.rest.request.RequestStream     : [B:c49b6e24, R:3ef93048] POST /users/@me/channels
2020-12-04 14:47:54.899 [reactor-http-nio-8] DEBUG discord4j.rest.request.RequestStream     : [B:c49b6e24, R:3ef93048] Read 200 OK in PT0.2758234S
2020-12-04 14:47:54.899 [reactor-http-nio-8] DEBUG discord4j.rest.request.RequestStream     : [B:c49b6e24] Ready to consume next request after cancel
2020-12-04 14:47:54.901 [d4j-events-1] DEBUG discord4j.rest.request.RequestStream     : [B:6139e6df, R:13ec9d9a] POST /channels/782627022635139134/messages
2020-12-04 14:47:55.193 [reactor-http-nio-9] DEBUG discord4j.rest.request.RequestStream     : [B:6139e6df, R:13ec9d9a] Read 200 OK in PT0.2917267S
2020-12-04 14:47:55.193 [reactor-http-nio-9] DEBUG discord4j.rest.request.RequestStream     : [B:6139e6df] Ready to consume next request after cancel
2020-12-04 14:48:24.312 [d4j-parallel-1-3] DEBUG discord4j.gateway.DefaultGatewayClient   : [G:29c6669, S:0] Sending heartbeat PT41.095322S after last ACK
2020-12-04 14:48:24.443 [reactor-http-nio-4] DEBUG discord4j.gateway.PayloadHandlers        : [G:29c6669, S:0] Heartbeat acknowledged after PT0.1311213S
2020-12-04 14:48:59.527 [d4j-events-1] DEBUG discord4j.rest.request.RequestStream     : [B:c49b6e24, R:1ca57265] POST /users/@me/channels
2020-12-04 14:48:59.783 [reactor-http-nio-10] DEBUG discord4j.rest.request.RequestStream     : [B:c49b6e24, R:1ca57265] Read 200 OK in PT0.2554528S
2020-12-04 14:48:59.783 [reactor-http-nio-10] DEBUG discord4j.rest.request.RequestStream     : [B:c49b6e24] Ready to consume next request after cancel
2020-12-04 14:48:59.785 [d4j-events-1] DEBUG discord4j.rest.request.RequestStream     : [B:6139e6df, R:6652e09] POST /channels/782627022635139134/messages
2020-12-04 14:49:00.092 [reactor-http-nio-11] DEBUG discord4j.rest.request.RequestStream     : [B:6139e6df, R:6652e09] Read 200 OK in PT0.3070889S
2020-12-04 14:49:00.092 [reactor-http-nio-11] DEBUG discord4j.rest.request.RequestStream     : [B:6139e6df] Ready to consume next request after cancel
2020-12-04 14:49:05.557 [d4j-parallel-1-3] DEBUG discord4j.gateway.DefaultGatewayClient   : [G:29c6669, S:0] Sending heartbeat PT41.1134767S after last ACK
2020-12-04 14:49:05.683 [reactor-http-nio-4] DEBUG discord4j.gateway.PayloadHandlers        : [G:29c6669, S:0] Heartbeat acknowledged after PT0.1266739S
2020-12-04 14:49:46.808 [d4j-parallel-1-3] DEBUG discord4j.gateway.DefaultGatewayClient   : [G:29c6669, S:0] Sending heartbeat PT41.1247771S after last ACK
2020-12-04 14:49:46.948 [reactor-http-nio-4] DEBUG discord4j.gateway.PayloadHandlers        : [G:29c6669, S:0] Heartbeat acknowledged after PT0.1402524S
2020-12-04 14:50:28.057 [d4j-parallel-1-3] DEBUG discord4j.gateway.DefaultGatewayClient   : [G:29c6669, S:0] Sending heartbeat PT41.1087632S after last ACK
2020-12-04 14:50:28.184 [reactor-http-nio-4] DEBUG discord4j.gateway.PayloadHandlers        : [G:29c6669, S:0] Heartbeat acknowledged after PT0.126918S
2020-12-04 14:51:09.307 [d4j-parallel-1-3] DEBUG discord4j.gateway.DefaultGatewayClient   : [G:29c6669, S:0] Sending heartbeat PT41.1230716S after last ACK
2020-12-04 14:51:09.428 [reactor-http-nio-4] DEBUG discord4j.gateway.PayloadHandlers        : [G:29c6669, S:0] Heartbeat acknowledged after PT0.1216196S
2020-12-04 14:51:50.558 [d4j-parallel-1-3] DEBUG discord4j.gateway.DefaultGatewayClient   : [G:29c6669, S:0] Sending heartbeat PT41.1293438S after last ACK
2020-12-04 14:51:50.696 [reactor-http-nio-4] DEBUG discord4j.gateway.PayloadHandlers        : [G:29c6669, S:0] Heartbeat acknowledged after PT0.1377194S
2020-12-04 15:33:34.949 [main] INFO  discord4j.core.DiscordClientBuilder      : Discord4J 3.2.0-M1 (https://discord4j.com)
2020-12-04 15:33:35.046 [main] DEBUG discord4j.rest.request.RequestStream     : [B:a39dc574, R:3e2fc448] GET /gateway/bot
2020-12-04 15:33:36.103 [reactor-http-nio-2] DEBUG discord4j.rest.request.RequestStream     : [B:a39dc574, R:3e2fc448] Read 200 OK in PT1.0074232S
2020-12-04 15:33:36.104 [reactor-http-nio-2] DEBUG discord4j.rest.request.RequestStream     : [B:a39dc574] Ready to consume next request after cancel
2020-12-04 15:33:36.225 [boundedElastic-1] DEBUG discord4j.core.state.StateHolder         : Channel storage     : ForwardingStore{forwardingTo=JdkStore@5fa160ea{map=java.util.concurrent.ConcurrentHashMap}}
2020-12-04 15:33:36.226 [boundedElastic-1] DEBUG discord4j.core.state.StateHolder         : Guild storage       : ForwardingStore{forwardingTo=JdkStore@1dea1db{map=java.util.concurrent.ConcurrentHashMap}}
2020-12-04 15:33:36.226 [boundedElastic-1] DEBUG discord4j.core.state.StateHolder         : Guild emoji storage : ForwardingStore{forwardingTo=JdkStore@7e08f513{map=java.util.concurrent.ConcurrentHashMap}}
2020-12-04 15:33:36.227 [boundedElastic-1] DEBUG discord4j.core.state.StateHolder         : Member storage      : JdkStore@1fd210b6{map=java.util.concurrent.ConcurrentHashMap}
2020-12-04 15:33:36.227 [boundedElastic-1] DEBUG discord4j.core.state.StateHolder         : Message storage     : ForwardingStore{forwardingTo=JdkStore@28cab844{map=java.util.Collections.SynchronizedMap}}
2020-12-04 15:33:36.230 [boundedElastic-1] DEBUG discord4j.core.state.StateHolder         : Presence storage    : Disabled due to missing GUILD_PRESENCES intent
2020-12-04 15:33:36.230 [boundedElastic-1] DEBUG discord4j.core.state.StateHolder         : Role storage        : ForwardingStore{forwardingTo=JdkStore@6cf97c30{map=java.util.concurrent.ConcurrentHashMap}}
2020-12-04 15:33:36.230 [boundedElastic-1] DEBUG discord4j.core.state.StateHolder         : User storage        : ForwardingStore{forwardingTo=JdkStore@7160f51e{map=java.util.concurrent.ConcurrentHashMap}}
2020-12-04 15:33:36.231 [boundedElastic-1] DEBUG discord4j.core.state.StateHolder         : Voice state storage : JdkStore@41c2982a{map=java.util.concurrent.ConcurrentHashMap}
2020-12-04 15:33:36.309 [boundedElastic-1] DEBUG discord4j.core.shard.GatewayBootstrap    : [G:24fcfdfe, S:0] Acquiring gateway endpoint
2020-12-04 15:33:36.310 [boundedElastic-1] DEBUG discord4j.rest.request.RequestStream     : [B:db1ee72c, R:68114a73] GET /gateway
2020-12-04 15:33:36.444 [reactor-http-nio-3] DEBUG discord4j.rest.request.RequestStream     : [B:db1ee72c, R:68114a73, G:24fcfdfe, S:0] Read 200 OK in PT0.1332499S
2020-12-04 15:33:36.445 [reactor-http-nio-3] DEBUG discord4j.rest.request.RequestStream     : [B:db1ee72c] Ready to consume next request after cancel
2020-12-04 15:33:36.617 [reactor-http-nio-4] DEBUG discord4j.gateway.DefaultGatewayClient   : [G:24fcfdfe, S:0] [connected] PooledConnection{channel=[id: 0x9f967bb1, L:/192.168.0.193:64617 - R:gateway.discord.gg/162.159.136.234:443]}
2020-12-04 15:33:36.626 [reactor-http-nio-4] DEBUG discord4j.gateway.DefaultGatewayClient   : [G:24fcfdfe, S:0] [configured] GET{uri=/, connection=PooledConnection{channel=[id: 0x9f967bb1, L:/192.168.0.193:64617 - R:gateway.discord.gg/162.159.136.234:443]}}
2020-12-04 15:33:36.626 [reactor-http-nio-4] DEBUG discord4j.gateway.DefaultGatewayClient   : [G:24fcfdfe, S:0] [request_prepared] GET{uri=/?compress=zlib-stream&encoding=json&v=8, connection=PooledConnection{channel=[id: 0x9f967bb1, L:/192.168.0.193:64617 - R:gateway.discord.gg/162.159.136.234:443]}}
2020-12-04 15:33:36.792 [reactor-http-nio-4] DEBUG discord4j.gateway.DefaultGatewayClient   : [G:24fcfdfe, S:0] [response_received] ws{uri=/?compress=zlib-stream&encoding=json&v=8, connection=PooledConnection{channel=[id: 0x9f967bb1, L:/192.168.0.193:64617 - R:gateway.discord.gg/162.159.136.234:443]}}
2020-12-04 15:33:36.836 [d4j-parallel-1-3] DEBUG discord4j.gateway.DefaultGatewayClient   : [G:24fcfdfe, S:0] Sending heartbeat PT0S after last ACK
2020-12-04 15:33:36.839 [reactor-http-nio-4] DEBUG discord4j.gateway.PayloadHandlers        : [G:24fcfdfe, S:0] Identifying to Gateway
2020-12-04 15:33:37.009 [reactor-http-nio-4] DEBUG discord4j.gateway.PayloadHandlers        : [G:24fcfdfe, S:0] Heartbeat acknowledged after PT0.1733828S
2020-12-04 15:33:37.257 [reactor-http-nio-4] INFO  discord4j.gateway.DefaultGatewayClient   : [G:24fcfdfe, S:0] Connected to Gateway
2020-12-04 15:33:37.260 [reactor-http-nio-4] INFO  d.core.shard.LocalShardCoordinator       : [G:24fcfdfe, S:0] Shard connected
2020-12-04 15:33:37.263 [main] DEBUG d.core.event.ReplayingEventDispatcher    : Subscription 515f4131 to MessageCreateEvent created
2020-12-04 15:33:50.684 [d4j-events-1] DEBUG discord4j.rest.request.RequestStream     : [B:c49b6e24, R:55c257c] POST /users/@me/channels
2020-12-04 15:33:50.942 [reactor-http-nio-5] DEBUG discord4j.rest.request.RequestStream     : [B:c49b6e24, R:55c257c] Read 200 OK in PT0.2575125S
2020-12-04 15:33:50.942 [reactor-http-nio-5] DEBUG discord4j.rest.request.RequestStream     : [B:c49b6e24] Ready to consume next request after cancel
2020-12-04 15:33:50.952 [d4j-events-1] DEBUG discord4j.rest.request.RequestStream     : [B:6139e6df, R:2f65c7dd] POST /channels/782627022635139134/messages
2020-12-04 15:33:51.249 [reactor-http-nio-6] DEBUG discord4j.rest.request.RequestStream     : [B:6139e6df, R:2f65c7dd] Read 200 OK in PT0.2964113S
2020-12-04 15:33:51.250 [reactor-http-nio-6] DEBUG discord4j.rest.request.RequestStream     : [B:6139e6df] Ready to consume next request after cancel
2020-12-04 15:34:01.802 [d4j-events-1] DEBUG discord4j.rest.request.RequestStream     : [B:7df74462, R:390ae193] GET /channels/782627022635139134
2020-12-04 15:34:02.062 [reactor-http-nio-7] DEBUG discord4j.rest.request.RequestStream     : [B:7df74462, R:390ae193] Read 200 OK in PT0.2592531S
2020-12-04 15:34:02.062 [reactor-http-nio-7] DEBUG discord4j.rest.request.RequestStream     : [B:7df74462] Ready to consume next request after cancel
2020-12-04 15:34:02.064 [d4j-events-1] DEBUG discord4j.rest.request.RequestStream     : [B:6139e6df, R:7b3b837] POST /channels/782627022635139134/messages
2020-12-04 15:34:02.463 [reactor-http-nio-8] DEBUG discord4j.rest.request.RequestStream     : [B:6139e6df, R:7b3b837] Read 200 OK in PT0.3982208S
2020-12-04 15:34:02.463 [reactor-http-nio-8] DEBUG discord4j.rest.request.RequestStream     : [B:6139e6df] Ready to consume next request after cancel
2020-12-04 15:34:18.099 [d4j-parallel-1-3] DEBUG discord4j.gateway.DefaultGatewayClient   : [G:24fcfdfe, S:0] Sending heartbeat PT41.0897131S after last ACK
2020-12-04 15:34:18.225 [reactor-http-nio-4] DEBUG discord4j.gateway.PayloadHandlers        : [G:24fcfdfe, S:0] Heartbeat acknowledged after PT0.1258495S
2020-12-04 15:34:59.336 [d4j-parallel-1-3] DEBUG discord4j.gateway.DefaultGatewayClient   : [G:24fcfdfe, S:0] Sending heartbeat PT41.1108973S after last ACK
2020-12-04 15:34:59.462 [reactor-http-nio-4] DEBUG discord4j.gateway.PayloadHandlers        : [G:24fcfdfe, S:0] Heartbeat acknowledged after PT0.1261266S
2020-12-04 15:35:40.586 [d4j-parallel-1-3] DEBUG discord4j.gateway.DefaultGatewayClient   : [G:24fcfdfe, S:0] Sending heartbeat PT41.1238363S after last ACK
2020-12-04 15:35:40.759 [reactor-http-nio-4] DEBUG discord4j.gateway.PayloadHandlers        : [G:24fcfdfe, S:0] Heartbeat acknowledged after PT0.1735877S
2020-12-04 15:36:21.837 [d4j-parallel-1-3] DEBUG discord4j.gateway.DefaultGatewayClient   : [G:24fcfdfe, S:0] Sending heartbeat PT41.077373S after last ACK
2020-12-04 15:36:21.975 [reactor-http-nio-4] DEBUG discord4j.gateway.PayloadHandlers        : [G:24fcfdfe, S:0] Heartbeat acknowledged after PT0.1382137S
2020-12-04 15:36:53.498 [d4j-events-1] DEBUG discord4j.rest.request.RequestStream     : [B:36840e52, R:1d724692] POST /channels/773900436708130819/messages
2020-12-04 15:36:53.849 [reactor-http-nio-9] DEBUG discord4j.rest.request.RequestStream     : [B:36840e52, R:1d724692] Read 200 OK in PT0.3495524S
2020-12-04 15:36:53.850 [reactor-http-nio-9] DEBUG discord4j.rest.request.RequestStream     : [B:36840e52] Ready to consume next request after cancel
2020-12-04 15:37:01.737 [d4j-events-1] DEBUG discord4j.rest.request.RequestStream     : [B:c49b6e24, R:258566ca] POST /users/@me/channels
2020-12-04 15:37:02.029 [reactor-http-nio-10] DEBUG discord4j.rest.request.RequestStream     : [B:c49b6e24, R:258566ca] Read 200 OK in PT0.2917298S
2020-12-04 15:37:02.029 [reactor-http-nio-10] DEBUG discord4j.rest.request.RequestStream     : [B:c49b6e24] Ready to consume next request after cancel
2020-12-04 15:37:02.031 [d4j-events-1] DEBUG discord4j.rest.request.RequestStream     : [B:6139e6df, R:687ede55] POST /channels/782627022635139134/messages
2020-12-04 15:37:02.327 [reactor-http-nio-11] DEBUG discord4j.rest.request.RequestStream     : [B:6139e6df, R:687ede55] Read 200 OK in PT0.2966322S
2020-12-04 15:37:02.328 [reactor-http-nio-11] DEBUG discord4j.rest.request.RequestStream     : [B:6139e6df] Ready to consume next request after cancel
2020-12-04 15:37:03.086 [d4j-parallel-1-3] DEBUG discord4j.gateway.DefaultGatewayClient   : [G:24fcfdfe, S:0] Sending heartbeat PT41.1106966S after last ACK
2020-12-04 15:37:03.228 [reactor-http-nio-4] DEBUG discord4j.gateway.PayloadHandlers        : [G:24fcfdfe, S:0] Heartbeat acknowledged after PT0.1419823S
2020-12-04 15:37:44.336 [d4j-parallel-1-3] DEBUG discord4j.gateway.DefaultGatewayClient   : [G:24fcfdfe, S:0] Sending heartbeat PT41.1086066S after last ACK
2020-12-04 15:37:44.461 [reactor-http-nio-4] DEBUG discord4j.gateway.PayloadHandlers        : [G:24fcfdfe, S:0] Heartbeat acknowledged after PT0.1254852S
2020-12-04 15:38:25.586 [d4j-parallel-1-3] DEBUG discord4j.gateway.DefaultGatewayClient   : [G:24fcfdfe, S:0] Sending heartbeat PT41.1242505S after last ACK
2020-12-04 15:38:25.736 [reactor-http-nio-4] DEBUG discord4j.gateway.PayloadHandlers        : [G:24fcfdfe, S:0] Heartbeat acknowledged after PT0.1499902S
2020-12-04 15:39:06.836 [d4j-parallel-1-3] DEBUG discord4j.gateway.DefaultGatewayClient   : [G:24fcfdfe, S:0] Sending heartbeat PT41.1001353S after last ACK
2020-12-04 15:39:06.968 [reactor-http-nio-4] DEBUG discord4j.gateway.PayloadHandlers        : [G:24fcfdfe, S:0] Heartbeat acknowledged after PT0.1324348S
2020-12-04 15:39:48.087 [d4j-parallel-1-3] DEBUG discord4j.gateway.DefaultGatewayClient   : [G:24fcfdfe, S:0] Sending heartbeat PT41.1177697S after last ACK
2020-12-04 15:39:48.227 [reactor-http-nio-4] DEBUG discord4j.gateway.PayloadHandlers        : [G:24fcfdfe, S:0] Heartbeat acknowledged after PT0.1413386S
2020-12-04 15:40:29.337 [d4j-parallel-1-3] DEBUG discord4j.gateway.DefaultGatewayClient   : [G:24fcfdfe, S:0] Sending heartbeat PT41.1092171S after last ACK
2020-12-04 15:40:29.464 [reactor-http-nio-4] DEBUG discord4j.gateway.PayloadHandlers        : [G:24fcfdfe, S:0] Heartbeat acknowledged after PT0.1273843S
2020-12-04 15:41:10.586 [d4j-parallel-1-3] DEBUG discord4j.gateway.DefaultGatewayClient   : [G:24fcfdfe, S:0] Sending heartbeat PT41.1218809S after last ACK
2020-12-04 15:41:10.715 [reactor-http-nio-4] DEBUG discord4j.gateway.PayloadHandlers        : [G:24fcfdfe, S:0] Heartbeat acknowledged after PT0.1289646S
2020-12-04 15:44:48.228 [main] INFO  discord4j.core.DiscordClientBuilder      : Discord4J 3.2.0-M1 (https://discord4j.com)
2020-12-04 15:44:48.326 [main] DEBUG discord4j.rest.request.RequestStream     : [B:a39dc574, R:3e2fc448] GET /gateway/bot
2020-12-04 15:44:49.399 [reactor-http-nio-2] DEBUG discord4j.rest.request.RequestStream     : [B:a39dc574, R:3e2fc448] Read 200 OK in PT1.0220625S
2020-12-04 15:44:49.400 [reactor-http-nio-2] DEBUG discord4j.rest.request.RequestStream     : [B:a39dc574] Ready to consume next request after cancel
2020-12-04 15:44:49.515 [boundedElastic-1] DEBUG discord4j.core.state.StateHolder         : Channel storage     : ForwardingStore{forwardingTo=JdkStore@4a1e4886{map=java.util.concurrent.ConcurrentHashMap}}
2020-12-04 15:44:49.516 [boundedElastic-1] DEBUG discord4j.core.state.StateHolder         : Guild storage       : ForwardingStore{forwardingTo=JdkStore@54e1ec32{map=java.util.concurrent.ConcurrentHashMap}}
2020-12-04 15:44:49.516 [boundedElastic-1] DEBUG discord4j.core.state.StateHolder         : Guild emoji storage : ForwardingStore{forwardingTo=JdkStore@640539c4{map=java.util.concurrent.ConcurrentHashMap}}
2020-12-04 15:44:49.517 [boundedElastic-1] DEBUG discord4j.core.state.StateHolder         : Member storage      : JdkStore@20cda77a{map=java.util.concurrent.ConcurrentHashMap}
2020-12-04 15:44:49.517 [boundedElastic-1] DEBUG discord4j.core.state.StateHolder         : Message storage     : ForwardingStore{forwardingTo=JdkStore@7b50c2ef{map=java.util.Collections.SynchronizedMap}}
2020-12-04 15:44:49.520 [boundedElastic-1] DEBUG discord4j.core.state.StateHolder         : Presence storage    : Disabled due to missing GUILD_PRESENCES intent
2020-12-04 15:44:49.520 [boundedElastic-1] DEBUG discord4j.core.state.StateHolder         : Role storage        : ForwardingStore{forwardingTo=JdkStore@3fc2486{map=java.util.concurrent.ConcurrentHashMap}}
2020-12-04 15:44:49.520 [boundedElastic-1] DEBUG discord4j.core.state.StateHolder         : User storage        : ForwardingStore{forwardingTo=JdkStore@3e9e3877{map=java.util.concurrent.ConcurrentHashMap}}
2020-12-04 15:44:49.521 [boundedElastic-1] DEBUG discord4j.core.state.StateHolder         : Voice state storage : JdkStore@14f417b9{map=java.util.concurrent.ConcurrentHashMap}
2020-12-04 15:44:49.592 [boundedElastic-1] DEBUG discord4j.core.shard.GatewayBootstrap    : [G:7de945ea, S:0] Acquiring gateway endpoint
2020-12-04 15:44:49.592 [boundedElastic-1] DEBUG discord4j.rest.request.RequestStream     : [B:db1ee72c, R:c5857ce] GET /gateway
2020-12-04 15:44:49.728 [reactor-http-nio-3] DEBUG discord4j.rest.request.RequestStream     : [B:db1ee72c, R:c5857ce, G:7de945ea, S:0] Read 200 OK in PT0.1369539S
2020-12-04 15:44:49.729 [reactor-http-nio-3] DEBUG discord4j.rest.request.RequestStream     : [B:db1ee72c] Ready to consume next request after cancel
2020-12-04 15:44:49.876 [reactor-http-nio-4] DEBUG discord4j.gateway.DefaultGatewayClient   : [G:7de945ea, S:0] [connected] PooledConnection{channel=[id: 0x7b573efd, L:/192.168.0.193:65021 - R:gateway.discord.gg/162.159.133.234:443]}
2020-12-04 15:44:49.884 [reactor-http-nio-4] DEBUG discord4j.gateway.DefaultGatewayClient   : [G:7de945ea, S:0] [configured] GET{uri=/, connection=PooledConnection{channel=[id: 0x7b573efd, L:/192.168.0.193:65021 - R:gateway.discord.gg/162.159.133.234:443]}}
2020-12-04 15:44:49.885 [reactor-http-nio-4] DEBUG discord4j.gateway.DefaultGatewayClient   : [G:7de945ea, S:0] [request_prepared] GET{uri=/?compress=zlib-stream&encoding=json&v=8, connection=PooledConnection{channel=[id: 0x7b573efd, L:/192.168.0.193:65021 - R:gateway.discord.gg/162.159.133.234:443]}}
2020-12-04 15:44:50.055 [reactor-http-nio-4] DEBUG discord4j.gateway.DefaultGatewayClient   : [G:7de945ea, S:0] [response_received] ws{uri=/?compress=zlib-stream&encoding=json&v=8, connection=PooledConnection{channel=[id: 0x7b573efd, L:/192.168.0.193:65021 - R:gateway.discord.gg/162.159.133.234:443]}}
2020-12-04 15:44:50.094 [d4j-parallel-1-3] DEBUG discord4j.gateway.DefaultGatewayClient   : [G:7de945ea, S:0] Sending heartbeat PT0S after last ACK
2020-12-04 15:44:50.097 [reactor-http-nio-4] DEBUG discord4j.gateway.PayloadHandlers        : [G:7de945ea, S:0] Identifying to Gateway
2020-12-04 15:44:50.271 [reactor-http-nio-4] DEBUG discord4j.gateway.PayloadHandlers        : [G:7de945ea, S:0] Heartbeat acknowledged after PT0.1771803S
2020-12-04 15:44:50.515 [reactor-http-nio-4] INFO  discord4j.gateway.DefaultGatewayClient   : [G:7de945ea, S:0] Connected to Gateway
2020-12-04 15:44:50.517 [reactor-http-nio-4] INFO  d.core.shard.LocalShardCoordinator       : [G:7de945ea, S:0] Shard connected
2020-12-04 15:44:50.520 [main] DEBUG d.core.event.ReplayingEventDispatcher    : Subscription 515f4131 to MessageCreateEvent created
2020-12-04 15:44:59.505 [d4j-events-1] DEBUG discord4j.rest.request.RequestStream     : [B:36840e52, R:41ee457f] POST /channels/773900436708130819/messages
2020-12-04 15:44:59.784 [reactor-http-nio-5] DEBUG discord4j.rest.request.RequestStream     : [B:36840e52, R:41ee457f] Read 200 OK in PT0.2789179S
2020-12-04 15:44:59.785 [reactor-http-nio-5] DEBUG discord4j.rest.request.RequestStream     : [B:36840e52] Ready to consume next request after cancel
2020-12-04 15:45:17.293 [d4j-events-1] DEBUG discord4j.rest.request.RequestStream     : [B:c49b6e24, R:232fd8c3] POST /users/@me/channels
2020-12-04 15:45:17.549 [reactor-http-nio-6] DEBUG discord4j.rest.request.RequestStream     : [B:c49b6e24, R:232fd8c3] Read 200 OK in PT0.2559952S
2020-12-04 15:45:17.550 [reactor-http-nio-6] DEBUG discord4j.rest.request.RequestStream     : [B:c49b6e24] Ready to consume next request after cancel
2020-12-04 15:45:17.552 [d4j-events-1] DEBUG discord4j.rest.request.RequestStream     : [B:6139e6df, R:745ebf05] POST /channels/782627022635139134/messages
2020-12-04 15:45:17.956 [reactor-http-nio-7] DEBUG discord4j.rest.request.RequestStream     : [B:6139e6df, R:745ebf05] Read 200 OK in PT0.4049057S
2020-12-04 15:45:17.956 [reactor-http-nio-7] DEBUG discord4j.rest.request.RequestStream     : [B:6139e6df] Ready to consume next request after cancel
2020-12-04 15:45:31.354 [d4j-parallel-1-3] DEBUG discord4j.gateway.DefaultGatewayClient   : [G:7de945ea, S:0] Sending heartbeat PT41.0827013S after last ACK
2020-12-04 15:45:31.499 [reactor-http-nio-4] DEBUG discord4j.gateway.PayloadHandlers        : [G:7de945ea, S:0] Heartbeat acknowledged after PT0.1449869S
2020-12-04 15:45:34.337 [d4j-events-1] DEBUG discord4j.rest.request.RequestStream     : [B:7df74462, R:eaa6952] GET /channels/782627022635139134
2020-12-04 15:45:34.595 [reactor-http-nio-8] DEBUG discord4j.rest.request.RequestStream     : [B:7df74462, R:eaa6952] Read 200 OK in PT0.2570293S
2020-12-04 15:45:34.595 [reactor-http-nio-8] DEBUG discord4j.rest.request.RequestStream     : [B:7df74462] Ready to consume next request after cancel
2020-12-04 15:45:34.596 [d4j-events-1] DEBUG discord4j.rest.request.RequestStream     : [B:6139e6df, R:3c9d739e] POST /channels/782627022635139134/messages
2020-12-04 15:45:34.985 [reactor-http-nio-9] DEBUG discord4j.rest.request.RequestStream     : [B:6139e6df, R:3c9d739e] Read 200 OK in PT0.3879697S
2020-12-04 15:45:34.985 [reactor-http-nio-9] DEBUG discord4j.rest.request.RequestStream     : [B:6139e6df] Ready to consume next request after cancel
2020-12-04 15:46:12.595 [d4j-parallel-1-3] DEBUG discord4j.gateway.DefaultGatewayClient   : [G:7de945ea, S:0] Sending heartbeat PT41.0964617S after last ACK
2020-12-04 15:46:12.730 [reactor-http-nio-4] DEBUG discord4j.gateway.PayloadHandlers        : [G:7de945ea, S:0] Heartbeat acknowledged after PT0.1357497S
2020-12-04 15:46:53.845 [d4j-parallel-1-3] DEBUG discord4j.gateway.DefaultGatewayClient   : [G:7de945ea, S:0] Sending heartbeat PT41.1134006S after last ACK
2020-12-04 15:46:53.983 [reactor-http-nio-4] DEBUG discord4j.gateway.PayloadHandlers        : [G:7de945ea, S:0] Heartbeat acknowledged after PT0.1381396S
2020-12-04 15:47:35.095 [d4j-parallel-1-3] DEBUG discord4j.gateway.DefaultGatewayClient   : [G:7de945ea, S:0] Sending heartbeat PT41.1120458S after last ACK
2020-12-04 15:47:35.218 [reactor-http-nio-4] DEBUG discord4j.gateway.PayloadHandlers        : [G:7de945ea, S:0] Heartbeat acknowledged after PT0.123492S
2020-12-04 15:48:16.344 [d4j-parallel-1-3] DEBUG discord4j.gateway.DefaultGatewayClient   : [G:7de945ea, S:0] Sending heartbeat PT41.1261422S after last ACK
2020-12-04 15:48:16.467 [reactor-http-nio-4] DEBUG discord4j.gateway.PayloadHandlers        : [G:7de945ea, S:0] Heartbeat acknowledged after PT0.1233216S
