2020-11-29 16:19:56.849 [main] INFO  discord4j.core.DiscordClientBuilder      : Discord4J 3.2.0-M1 (https://discord4j.com)
2020-11-29 16:19:56.966 [main] DEBUG discord4j.rest.request.RequestStream     : [B:a39dc574, R:37d3d232] GET /gateway/bot
2020-11-29 16:19:58.118 [reactor-http-nio-2] DEBUG discord4j.rest.request.RequestStream     : [B:a39dc574, R:37d3d232] Read 200 OK in PT1.092919S
2020-11-29 16:19:58.120 [reactor-http-nio-2] DEBUG discord4j.rest.request.RequestStream     : [B:a39dc574] Ready to consume next request after cancel
2020-11-29 16:19:58.262 [boundedElastic-1] DEBUG discord4j.core.state.StateHolder         : Channel storage     : ForwardingStore{forwardingTo=JdkStore@6376b598{map=java.util.concurrent.ConcurrentHashMap}}
2020-11-29 16:19:58.263 [boundedElastic-1] DEBUG discord4j.core.state.StateHolder         : Guild storage       : ForwardingStore{forwardingTo=JdkStore@6dfc3186{map=java.util.concurrent.ConcurrentHashMap}}
2020-11-29 16:19:58.264 [boundedElastic-1] DEBUG discord4j.core.state.StateHolder         : Guild emoji storage : ForwardingStore{forwardingTo=JdkStore@528602cb{map=java.util.concurrent.ConcurrentHashMap}}
2020-11-29 16:19:58.266 [boundedElastic-1] DEBUG discord4j.core.state.StateHolder         : Member storage      : JdkStore@959a80f{map=java.util.concurrent.ConcurrentHashMap}
2020-11-29 16:19:58.266 [boundedElastic-1] DEBUG discord4j.core.state.StateHolder         : Message storage     : ForwardingStore{forwardingTo=JdkStore@71e6fe7{map=java.util.Collections.SynchronizedMap}}
2020-11-29 16:19:58.270 [boundedElastic-1] DEBUG discord4j.core.state.StateHolder         : Presence storage    : Disabled due to missing GUILD_PRESENCES intent
2020-11-29 16:19:58.270 [boundedElastic-1] DEBUG discord4j.core.state.StateHolder         : Role storage        : ForwardingStore{forwardingTo=JdkStore@aed3df3{map=java.util.concurrent.ConcurrentHashMap}}
2020-11-29 16:19:58.271 [boundedElastic-1] DEBUG discord4j.core.state.StateHolder         : User storage        : ForwardingStore{forwardingTo=JdkStore@2f75f935{map=java.util.concurrent.ConcurrentHashMap}}
2020-11-29 16:19:58.271 [boundedElastic-1] DEBUG discord4j.core.state.StateHolder         : Voice state storage : JdkStore@1cc3d4c1{map=java.util.concurrent.ConcurrentHashMap}
2020-11-29 16:19:58.365 [boundedElastic-1] DEBUG discord4j.core.shard.GatewayBootstrap    : [G:735e4242, S:0] Acquiring gateway endpoint
2020-11-29 16:19:58.365 [boundedElastic-1] DEBUG discord4j.rest.request.RequestStream     : [B:db1ee72c, R:5308c8e5] GET /gateway
2020-11-29 16:19:58.499 [reactor-http-nio-3] DEBUG discord4j.rest.request.RequestStream     : [B:db1ee72c, R:5308c8e5, G:735e4242, S:0] Read 200 OK in PT0.1337911S
2020-11-29 16:19:58.500 [reactor-http-nio-3] DEBUG discord4j.rest.request.RequestStream     : [B:db1ee72c] Ready to consume next request after cancel
2020-11-29 16:19:58.641 [reactor-http-nio-4] DEBUG discord4j.gateway.DefaultGatewayClient   : [G:735e4242, S:0] [connected] PooledConnection{channel=[id: 0xfae2c964, L:/192.168.0.193:57677 - R:gateway.discord.gg/162.159.135.234:443]}
2020-11-29 16:19:58.648 [reactor-http-nio-4] DEBUG discord4j.gateway.DefaultGatewayClient   : [G:735e4242, S:0] [configured] GET{uri=/, connection=PooledConnection{channel=[id: 0xfae2c964, L:/192.168.0.193:57677 - R:gateway.discord.gg/162.159.135.234:443]}}
2020-11-29 16:19:58.649 [reactor-http-nio-4] DEBUG discord4j.gateway.DefaultGatewayClient   : [G:735e4242, S:0] [request_prepared] GET{uri=/?compress=zlib-stream&encoding=json&v=8, connection=PooledConnection{channel=[id: 0xfae2c964, L:/192.168.0.193:57677 - R:gateway.discord.gg/162.159.135.234:443]}}
2020-11-29 16:19:58.853 [reactor-http-nio-4] DEBUG discord4j.gateway.DefaultGatewayClient   : [G:735e4242, S:0] [response_received] ws{uri=/?compress=zlib-stream&encoding=json&v=8, connection=PooledConnection{channel=[id: 0xfae2c964, L:/192.168.0.193:57677 - R:gateway.discord.gg/162.159.135.234:443]}}
2020-11-29 16:19:58.899 [d4j-parallel-1-3] DEBUG discord4j.gateway.DefaultGatewayClient   : [G:735e4242, S:0] Sending heartbeat PT0S after last ACK
2020-11-29 16:19:58.903 [reactor-http-nio-4] DEBUG discord4j.gateway.PayloadHandlers        : [G:735e4242, S:0] Identifying to Gateway
2020-11-29 16:19:59.073 [reactor-http-nio-4] DEBUG discord4j.gateway.PayloadHandlers        : [G:735e4242, S:0] Heartbeat acknowledged after PT0.1743922S
2020-11-29 16:19:59.347 [reactor-http-nio-4] INFO  discord4j.gateway.DefaultGatewayClient   : [G:735e4242, S:0] Connected to Gateway
2020-11-29 16:19:59.349 [reactor-http-nio-4] INFO  d.core.shard.LocalShardCoordinator       : [G:735e4242, S:0] Shard connected
2020-11-29 16:19:59.354 [main] DEBUG d.core.event.ReplayingEventDispatcher    : Subscription 64d7b720 to MessageCreateEvent created
2020-11-29 16:20:10.730 [d4j-events-1] DEBUG discord4j.rest.request.RequestStream     : [B:7df74462, R:30b325b8] GET /channels/782627022635139134
2020-11-29 16:20:10.993 [reactor-http-nio-5] DEBUG discord4j.rest.request.RequestStream     : [B:7df74462, R:30b325b8] Read 200 OK in PT0.2626497S
2020-11-29 16:20:10.993 [reactor-http-nio-5] DEBUG discord4j.rest.request.RequestStream     : [B:7df74462] Ready to consume next request after cancel
2020-11-29 16:20:11.004 [d4j-events-1] DEBUG discord4j.rest.request.RequestStream     : [B:6139e6df, R:6368d3d6] POST /channels/782627022635139134/messages
2020-11-29 16:20:11.282 [reactor-http-nio-6] DEBUG discord4j.rest.request.RequestStream     : [B:6139e6df, R:6368d3d6] Read 200 OK in PT0.2775551S
2020-11-29 16:20:11.282 [reactor-http-nio-6] DEBUG discord4j.rest.request.RequestStream     : [B:6139e6df] Ready to consume next request after cancel
2020-11-29 16:20:11.284 [d4j-events-1] DEBUG discord4j.rest.request.RequestStream     : [B:7df74462, R:4ee73d16] GET /channels/782627022635139134
2020-11-29 16:20:11.531 [reactor-http-nio-7] DEBUG discord4j.rest.request.RequestStream     : [B:7df74462, R:4ee73d16] Read 200 OK in PT0.2450091S
2020-11-29 16:20:11.531 [reactor-http-nio-7] DEBUG discord4j.rest.request.RequestStream     : [B:7df74462] Ready to consume next request after cancel
2020-11-29 16:20:11.533 [d4j-events-1] DEBUG discord4j.rest.request.RequestStream     : [B:6139e6df, R:4bc81d60] POST /channels/782627022635139134/messages
2020-11-29 16:20:11.954 [reactor-http-nio-8] DEBUG discord4j.rest.request.RequestStream     : [B:6139e6df, R:4bc81d60] Read 200 OK in PT0.42087S
2020-11-29 16:20:11.955 [reactor-http-nio-8] DEBUG discord4j.rest.request.RequestStream     : [B:6139e6df] Ready to consume next request after cancel
2020-11-29 16:20:11.957 [d4j-events-1] DEBUG discord4j.rest.request.RequestStream     : [B:7df74462, R:57bd4e39] GET /channels/782627022635139134
2020-11-29 16:20:12.221 [reactor-http-nio-9] DEBUG discord4j.rest.request.RequestStream     : [B:7df74462, R:57bd4e39] Read 200 OK in PT0.2637819S
2020-11-29 16:20:12.221 [reactor-http-nio-9] DEBUG discord4j.rest.request.RequestStream     : [B:7df74462] Ready to consume next request after cancel
2020-11-29 16:20:12.223 [d4j-events-1] DEBUG discord4j.rest.request.RequestStream     : [B:6139e6df, R:726ec17b] POST /channels/782627022635139134/messages
2020-11-29 16:20:12.503 [reactor-http-nio-10] DEBUG discord4j.rest.request.RequestStream     : [B:6139e6df, R:726ec17b] Read 200 OK in PT0.2796873S
2020-11-29 16:20:12.503 [reactor-http-nio-10] DEBUG discord4j.rest.request.RequestStream     : [B:6139e6df] Ready to consume next request after cancel
2020-11-29 16:20:22.042 [d4j-events-1] DEBUG discord4j.rest.request.RequestStream     : [B:7df74462, R:5965dad] GET /channels/782627022635139134
2020-11-29 16:20:22.279 [reactor-http-nio-11] DEBUG discord4j.rest.request.RequestStream     : [B:7df74462, R:5965dad] Read 200 OK in PT0.2376117S
2020-11-29 16:20:22.279 [reactor-http-nio-11] DEBUG discord4j.rest.request.RequestStream     : [B:7df74462] Ready to consume next request after cancel
2020-11-29 16:20:22.281 [d4j-events-1] DEBUG discord4j.rest.request.RequestStream     : [B:6139e6df, R:ebe6362] POST /channels/782627022635139134/messages
2020-11-29 16:20:22.567 [reactor-http-nio-12] DEBUG discord4j.rest.request.RequestStream     : [B:6139e6df, R:ebe6362] Read 200 OK in PT0.2855166S
2020-11-29 16:20:22.567 [reactor-http-nio-12] DEBUG discord4j.rest.request.RequestStream     : [B:6139e6df] Ready to consume next request after cancel
2020-11-29 16:20:26.157 [d4j-events-1] DEBUG discord4j.rest.request.RequestStream     : [B:7df74462, R:334f280a] GET /channels/782627022635139134
2020-11-29 16:20:26.446 [reactor-http-nio-1] DEBUG discord4j.rest.request.RequestStream     : [B:7df74462, R:334f280a] Read 200 OK in PT0.2889921S
2020-11-29 16:20:26.446 [reactor-http-nio-1] DEBUG discord4j.rest.request.RequestStream     : [B:7df74462] Ready to consume next request after cancel
2020-11-29 16:20:26.448 [d4j-events-1] DEBUG discord4j.rest.request.RequestStream     : [B:6139e6df, R:37ae5201] POST /channels/782627022635139134/messages
2020-11-29 16:20:26.806 [reactor-http-nio-2] DEBUG discord4j.rest.request.RequestStream     : [B:6139e6df, R:37ae5201] Read 200 OK in PT0.3578725S
2020-11-29 16:20:26.806 [reactor-http-nio-2] DEBUG discord4j.rest.request.RequestStream     : [B:6139e6df] Ready to consume next request after cancel
2020-11-29 16:20:40.150 [d4j-parallel-1-3] DEBUG discord4j.gateway.DefaultGatewayClient   : [G:735e4242, S:0] Sending heartbeat PT41.0765153S after last ACK
2020-11-29 16:20:40.276 [reactor-http-nio-4] DEBUG discord4j.gateway.PayloadHandlers        : [G:735e4242, S:0] Heartbeat acknowledged after PT0.1259218S
2020-11-29 16:21:21.399 [d4j-parallel-1-3] DEBUG discord4j.gateway.DefaultGatewayClient   : [G:735e4242, S:0] Sending heartbeat PT41.1229207S after last ACK
2020-11-29 16:21:21.520 [reactor-http-nio-4] DEBUG discord4j.gateway.PayloadHandlers        : [G:735e4242, S:0] Heartbeat acknowledged after PT0.1212544S
2020-11-29 16:22:02.651 [d4j-parallel-1-3] DEBUG discord4j.gateway.DefaultGatewayClient   : [G:735e4242, S:0] Sending heartbeat PT41.1301732S after last ACK
2020-11-29 16:22:02.782 [reactor-http-nio-4] DEBUG discord4j.gateway.PayloadHandlers        : [G:735e4242, S:0] Heartbeat acknowledged after PT0.1312035S
2020-11-29 16:22:43.900 [d4j-parallel-1-3] DEBUG discord4j.gateway.DefaultGatewayClient   : [G:735e4242, S:0] Sending heartbeat PT41.1185439S after last ACK
2020-11-29 16:22:44.035 [reactor-http-nio-4] DEBUG discord4j.gateway.PayloadHandlers        : [G:735e4242, S:0] Heartbeat acknowledged after PT0.13572S
2020-11-29 16:23:25.150 [d4j-parallel-1-3] DEBUG discord4j.gateway.DefaultGatewayClient   : [G:735e4242, S:0] Sending heartbeat PT41.1135411S after last ACK
2020-11-29 16:23:25.291 [reactor-http-nio-4] DEBUG discord4j.gateway.PayloadHandlers        : [G:735e4242, S:0] Heartbeat acknowledged after PT0.1412573S
2020-11-29 16:24:06.401 [d4j-parallel-1-3] DEBUG discord4j.gateway.DefaultGatewayClient   : [G:735e4242, S:0] Sending heartbeat PT41.1099942S after last ACK
2020-11-29 16:24:06.549 [reactor-http-nio-4] DEBUG discord4j.gateway.PayloadHandlers        : [G:735e4242, S:0] Heartbeat acknowledged after PT0.1482252S
2020-11-29 16:24:47.651 [d4j-parallel-1-3] DEBUG discord4j.gateway.DefaultGatewayClient   : [G:735e4242, S:0] Sending heartbeat PT41.1019741S after last ACK
2020-11-29 16:24:47.799 [reactor-http-nio-4] DEBUG discord4j.gateway.PayloadHandlers        : [G:735e4242, S:0] Heartbeat acknowledged after PT0.147785S
2020-11-29 16:25:28.899 [d4j-parallel-1-3] DEBUG discord4j.gateway.DefaultGatewayClient   : [G:735e4242, S:0] Sending heartbeat PT41.1004746S after last ACK
2020-11-29 16:25:29.032 [reactor-http-nio-4] DEBUG discord4j.gateway.PayloadHandlers        : [G:735e4242, S:0] Heartbeat acknowledged after PT0.1332383S
2020-11-29 16:26:10.150 [d4j-parallel-1-3] DEBUG discord4j.gateway.DefaultGatewayClient   : [G:735e4242, S:0] Sending heartbeat PT41.1172471S after last ACK
2020-11-29 16:26:10.286 [reactor-http-nio-4] DEBUG discord4j.gateway.PayloadHandlers        : [G:735e4242, S:0] Heartbeat acknowledged after PT0.136638S
2020-11-29 16:26:51.401 [d4j-parallel-1-3] DEBUG discord4j.gateway.DefaultGatewayClient   : [G:735e4242, S:0] Sending heartbeat PT41.1143329S after last ACK
2020-11-29 16:26:51.529 [reactor-http-nio-4] DEBUG discord4j.gateway.PayloadHandlers        : [G:735e4242, S:0] Heartbeat acknowledged after PT0.1282629S
